<?xml version="1.0" encoding="UTF-8" ?>
<testsuite failures="0" time="0.281" errors="0" skipped="0" tests="6" name="de.soe.web.TicTacToeControllerTest">
  <properties>
[...]
</properties>
  <testcase time="0.231" classname="de.soe.web.TicTacToeControllerTest" name="test_show_new_game"/>
  <testcase time="0.024" classname="de.soe.web.TicTacToeControllerTest" name="test_show_found_not_solved_game"/>
  <testcase time="0.011" classname="de.soe.web.TicTacToeControllerTest" name="test_show_solved_game"/>
  <testcase time="0.001" classname="de.soe.web.TicTacToeControllerTest" name="process_form_fail_to_initialize_game"/>
  <testcase time="0" classname="de.soe.web.TicTacToeControllerTest" name="process_form_initialize_game"/>
  <testcase time="0.002" classname="de.soe.web.TicTacToeControllerTest" name="process_form_play_game"/>
</testsuite>